<?xml version="1.0" encoding="UTF-8"?>
<!-- Generated by org.testng.reporters.JUnitReportReporter -->
<testsuite hostname="EC2AMAZ-S11DBRH" failures="0" tests="5" name="runners.GooglePageRunner1" time="64.941" errors="1" timestamp="2023-07-27T05:16:54 GMT" skipped="0">
  <testcase classname="runners.GooglePageRunner1" name="runScenario" time="8.754">
    <error message="Index: 0" type="java.lang.IndexOutOfBoundsException">
      <![CDATA[java.lang.IndexOutOfBoundsException: Index: 0
at java.base/java.util.Collections$EmptyList.get(Collections.java:4553)
at StepDef.LoginStepdef.user_enters_login_credentials(LoginStepdef.java:59)
at ✽.User enters login credentials(file:///C:/Users/Administrator/git/NEW25/NEWSEL/src/test/resources/features/Login.feature:30)
]]>
    </error>
  </testcase> <!-- runScenario -->
  <system-out/>
  <testcase classname="runners.GooglePageRunner1" name="runScenario" time="17.057"/>
  <system-out/>
  <testcase classname="runners.GooglePageRunner1" name="runScenario" time="16.880"/>
  <system-out/>
  <testcase classname="runners.GooglePageRunner1" name="runScenario" time="10.645"/>
  <system-out/>
  <testcase classname="runners.GooglePageRunner1" name="runScenario" time="11.605"/>
  <system-out/>
</testsuite> <!-- runners.GooglePageRunner1 -->
